<?xml version="1.0" encoding="UTF-8"?>
<!-- Generated by org.testng.reporters.JUnitReportReporter -->
<testsuite hostname="DESKTOP-5O0FCEA" failures="0" tests="5" name="com.cucumberTests.runners.SalesforceRunner" time="139.225" errors="0" timestamp="2023-06-22T00:30:30 IST" skipped="0">
  <testcase classname="com.cucumberTests.runners.SalesforceRunner" name="runScenario" time="11.442"/>
  <system-out/>
  <testcase classname="com.cucumberTests.runners.SalesforceRunner" name="runScenario" time="10.377"/>
  <system-out/>
  <testcase classname="com.cucumberTests.runners.SalesforceRunner" name="runScenario" time="10.993"/>
  <system-out/>
  <testcase classname="com.cucumberTests.runners.SalesforceRunner" name="runScenario" time="29.018"/>
  <system-out/>
  <testcase classname="com.cucumberTests.runners.SalesforceRunner" name="runScenario" time="77.395"/>
  <system-out/>
</testsuite> <!-- com.cucumberTests.runners.SalesforceRunner -->
