<?xml version="1.0" encoding="UTF-8"?>
<!-- Generated by org.testng.reporters.JUnitReportReporter -->
<testsuite hostname="DESKTOP-5O0FCEA" failures="0" tests="4" name="com.cucumberTests.runners.CalculatorRunner" time="0.202" errors="0" timestamp="2023-06-16T22:25:37 IST" skipped="0">
  <testcase classname="com.cucumberTests.runners.CalculatorRunner" name="runScenario" time="0.014"/>
  <system-out/>
  <testcase classname="com.cucumberTests.runners.CalculatorRunner" name="runScenario" time="0.159"/>
  <system-out/>
  <testcase classname="com.cucumberTests.runners.CalculatorRunner" name="runScenario" time="0.015"/>
  <system-out/>
  <testcase classname="com.cucumberTests.runners.CalculatorRunner" name="runScenario" time="0.014"/>
  <system-out/>
</testsuite> <!-- com.cucumberTests.runners.CalculatorRunner -->
